app/manifest-merger-release-report.txt
-- Merging decision tree log ---
manifest
ADDED from AndroidManifest.xml:2:1
	xmlns:android
		ADDED from AndroidManifest.xml:2:11
	package
		ADDED from AndroidManifest.xml:3:5
		INJECTED from AndroidManifest.xml:0:0
		INJECTED from AndroidManifest.xml:0:0
	android:versionName
		INJECTED from AndroidManifest.xml:0:0
		INJECTED from AndroidManifest.xml:0:0
	android:versionCode
		INJECTED from AndroidManifest.xml:0:0
		INJECTED from AndroidManifest.xml:0:0
uses-permission#android.permission.INTERNET
ADDED from AndroidManifest.xml:5:5
	android:name
		ADDED from AndroidManifest.xml:5:22
uses-permission#android.permission.READ_SYNC_SETTINGS
ADDED from AndroidManifest.xml:7:5
	android:name
		ADDED from AndroidManifest.xml:7:22
uses-permission#android.permission.WRITE_SYNC_SETTINGS
ADDED from AndroidManifest.xml:8:5
	android:name
		ADDED from AndroidManifest.xml:8:22
uses-permission#android.permission.AUTHENTICATE_ACCOUNTS
ADDED from AndroidManifest.xml:9:5
	android:name
		ADDED from AndroidManifest.xml:9:22
application
ADDED from AndroidManifest.xml:11:5
MERGED from com.android.support:appcompat-v7:21.0.3:16:5
MERGED from com.android.support:support-v4:21.0.3:16:5
	android:label
		ADDED from AndroidManifest.xml:14:9
	android:allowBackup
		ADDED from AndroidManifest.xml:12:9
	android:icon
		ADDED from AndroidManifest.xml:13:9
	android:theme
		ADDED from AndroidManifest.xml:15:9
activity#com.adeleon.sport.nbascoreboard.app.MainActivity
ADDED from AndroidManifest.xml:16:9
	android:label
		ADDED from AndroidManifest.xml:18:13
	android:theme
		ADDED from AndroidManifest.xml:19:13
	android:name
		ADDED from AndroidManifest.xml:17:13
intent-filter#android.intent.action.MAIN+android.intent.category.LAUNCHER
ADDED from AndroidManifest.xml:20:13
action#android.intent.action.MAIN
ADDED from AndroidManifest.xml:21:17
	android:name
		ADDED from AndroidManifest.xml:21:25
category#android.intent.category.LAUNCHER
ADDED from AndroidManifest.xml:23:17
	android:name
		ADDED from AndroidManifest.xml:23:27
activity#com.adeleon.sport.nbascoreboard.app.DetailActivity
ADDED from AndroidManifest.xml:26:9
	android:label
		ADDED from AndroidManifest.xml:28:13
	android:theme
		ADDED from AndroidManifest.xml:30:13
	android:parentActivityName
		ADDED from AndroidManifest.xml:29:13
	android:name
		ADDED from AndroidManifest.xml:27:13
meta-data#android.support.PARENT_ACTIVITY
ADDED from AndroidManifest.xml:31:13
	android:name
		ADDED from AndroidManifest.xml:32:17
	android:value
		ADDED from AndroidManifest.xml:33:17
activity#com.adeleon.sport.nbascoreboard.app.SettingsActivity
ADDED from AndroidManifest.xml:35:9
	android:label
		ADDED from AndroidManifest.xml:37:13
	android:parentActivityName
		ADDED from AndroidManifest.xml:38:13
	android:name
		ADDED from AndroidManifest.xml:36:13
provider#com.adeleon.sport.nbascoreboard.app.data.ScoreboardProvider
ADDED from AndroidManifest.xml:43:9
	android:authorities
		ADDED from AndroidManifest.xml:44:13
	android:name
		ADDED from AndroidManifest.xml:45:13
service#com.adeleon.sport.nbascoreboard.app.services.ScoreAuthenticatorService
ADDED from AndroidManifest.xml:48:9
	android:name
		ADDED from AndroidManifest.xml:48:18
intent-filter#android.accounts.AccountAuthenticator
ADDED from AndroidManifest.xml:49:13
action#android.accounts.AccountAuthenticator
ADDED from AndroidManifest.xml:50:17
	android:name
		ADDED from AndroidManifest.xml:50:25
meta-data#android.accounts.AccountAuthenticator
ADDED from AndroidManifest.xml:53:13
	android:resource
		ADDED from AndroidManifest.xml:55:17
	android:name
		ADDED from AndroidManifest.xml:54:17
service#com.adeleon.sport.nbascoreboard.app.services.ScoreSyncService
ADDED from AndroidManifest.xml:59:9
	android:exported
		ADDED from AndroidManifest.xml:61:13
	android:name
		ADDED from AndroidManifest.xml:60:13
intent-filter#android.content.SyncAdapter
ADDED from AndroidManifest.xml:62:13
action#android.content.SyncAdapter
ADDED from AndroidManifest.xml:63:17
	android:name
		ADDED from AndroidManifest.xml:63:25
meta-data#android.content.SyncAdapter
ADDED from AndroidManifest.xml:66:13
	android:resource
		ADDED from AndroidManifest.xml:68:17
	android:name
		ADDED from AndroidManifest.xml:67:17
uses-sdk
INJECTED from AndroidManifest.xml:0:0 reason: use-sdk injection requested
MERGED from com.android.support:appcompat-v7:21.0.3:15:5
MERGED from com.android.support:support-v4:21.0.3:15:5
	android:targetSdkVersion
		INJECTED from AndroidManifest.xml:0:0
		INJECTED from AndroidManifest.xml:0:0
	android:minSdkVersion
		INJECTED from AndroidManifest.xml:0:0
		INJECTED from AndroidManifest.xml:0:0